nohup: ignoring input
Graphviz is not installed. 
  Please install this program in order to visualize graphical models in pyagrum. 
  See https://graphviz.org/download/

Sweeping n_mix
  n_mix=2  seed 1/10
  n_mix=2  seed 2/10
  n_mix=2  seed 3/10
  n_mix=2  seed 4/10
  n_mix=2  seed 5/10
  n_mix=2  seed 6/10
  n_mix=2  seed 7/10
  n_mix=2  seed 8/10
  n_mix=2  seed 9/10
  n_mix=2  seed 10/10
  n_mix=3  seed 1/10
  n_mix=3  seed 2/10
  n_mix=3  seed 3/10
  n_mix=3  seed 4/10
  n_mix=3  seed 5/10
  n_mix=3  seed 6/10
  n_mix=3  seed 7/10
  n_mix=3  seed 8/10
  n_mix=3  seed 9/10
  n_mix=3  seed 10/10
  n_mix=4  seed 1/10
  n_mix=4  seed 2/10
  n_mix=4  seed 3/10
  n_mix=4  seed 4/10
  n_mix=4  seed 5/10
  n_mix=4  seed 6/10
  n_mix=4  seed 7/10
  n_mix=4  seed 8/10
  n_mix=4  seed 9/10
  n_mix=4  seed 10/10
  n_mix=5  seed 1/10
  n_mix=5  seed 2/10
  n_mix=5  seed 3/10
  n_mix=5  seed 4/10
  n_mix=5  seed 5/10
  n_mix=5  seed 6/10
  n_mix=5  seed 7/10
  n_mix=5  seed 8/10
  n_mix=5  seed 9/10
  n_mix=5  seed 10/10

Sweeping p_mix
  p_mix=0.0  seed 1/10
  p_mix=0.0  seed 2/10
  p_mix=0.0  seed 3/10
  p_mix=0.0  seed 4/10
  p_mix=0.0  seed 5/10
  p_mix=0.0  seed 6/10
  p_mix=0.0  seed 7/10
  p_mix=0.0  seed 8/10
  p_mix=0.0  seed 9/10
  p_mix=0.0  seed 10/10
  p_mix=0.2  seed 1/10
  p_mix=0.2  seed 2/10
  p_mix=0.2  seed 3/10
  p_mix=0.2  seed 4/10
  p_mix=0.2  seed 5/10
  p_mix=0.2  seed 6/10
  p_mix=0.2  seed 7/10
  p_mix=0.2  seed 8/10
  p_mix=0.2  seed 9/10
  p_mix=0.2  seed 10/10
  p_mix=0.4  seed 1/10
  p_mix=0.4  seed 2/10
  p_mix=0.4  seed 3/10
  p_mix=0.4  seed 4/10
  p_mix=0.4  seed 5/10
  p_mix=0.4  seed 6/10
  p_mix=0.4  seed 7/10
  p_mix=0.4  seed 8/10
  p_mix=0.4  seed 9/10
  p_mix=0.4  seed 10/10
  p_mix=0.5  seed 1/10
  p_mix=0.5  seed 2/10
  p_mix=0.5  seed 3/10
  p_mix=0.5  seed 4/10
  p_mix=0.5  seed 5/10
  p_mix=0.5  seed 6/10
  p_mix=0.5  seed 7/10
  p_mix=0.5  seed 8/10
  p_mix=0.5  seed 9/10
  p_mix=0.5  seed 10/10
  p_mix=0.6  seed 1/10
  p_mix=0.6  seed 2/10
  p_mix=0.6  seed 3/10
  p_mix=0.6  seed 4/10
  p_mix=0.6  seed 5/10
  p_mix=0.6  seed 6/10
  p_mix=0.6  seed 7/10
  p_mix=0.6  seed 8/10
  p_mix=0.6  seed 9/10
  p_mix=0.6  seed 10/10
  p_mix=0.8  seed 1/10
  p_mix=0.8  seed 2/10
  p_mix=0.8  seed 3/10
  p_mix=0.8  seed 4/10
  p_mix=0.8  seed 5/10
  p_mix=0.8  seed 6/10
  p_mix=0.8  seed 7/10
  p_mix=0.8  seed 8/10
  p_mix=0.8  seed 9/10
  p_mix=0.8  seed 10/10
  p_mix=1.0  seed 1/10
  p_mix=1.0  seed 2/10
  p_mix=1.0  seed 3/10
  p_mix=1.0  seed 4/10
  p_mix=1.0  seed 5/10
  p_mix=1.0  seed 6/10
  p_mix=1.0  seed 7/10
  p_mix=1.0  seed 8/10
  p_mix=1.0  seed 9/10
  p_mix=1.0  seed 10/10

Sweeping n_samples
  n_samples=100  seed 1/10
  n_samples=100  seed 2/10
  n_samples=100  seed 3/10
  n_samples=100  seed 4/10
  n_samples=100  seed 5/10
  n_samples=100  seed 6/10
  n_samples=100  seed 7/10
  n_samples=100  seed 8/10
  n_samples=100  seed 9/10
  n_samples=100  seed 10/10
  n_samples=164  seed 1/10
  n_samples=164  seed 2/10
  n_samples=164  seed 3/10
  n_samples=164  seed 4/10
  n_samples=164  seed 5/10
  n_samples=164  seed 6/10
  n_samples=164  seed 7/10
  n_samples=164  seed 8/10
  n_samples=164  seed 9/10
  n_samples=164  seed 10/10
  n_samples=300  seed 1/10
  n_samples=300  seed 2/10
  n_samples=300  seed 3/10
  n_samples=300  seed 4/10
  n_samples=300  seed 5/10
  n_samples=300  seed 6/10
  n_samples=300  seed 7/10
  n_samples=300  seed 8/10
  n_samples=300  seed 9/10
  n_samples=300  seed 10/10
  n_samples=500  seed 1/10
  n_samples=500  seed 2/10
  n_samples=500  seed 3/10
  n_samples=500  seed 4/10
  n_samples=500  seed 5/10
  n_samples=500  seed 6/10
  n_samples=500  seed 7/10
  n_samples=500  seed 8/10
  n_samples=500  seed 9/10
  n_samples=500  seed 10/10
  n_samples=750  seed 1/10
  n_samples=750  seed 2/10
  n_samples=750  seed 3/10
  n_samples=750  seed 4/10
  n_samples=750  seed 5/10
  n_samples=750  seed 6/10
  n_samples=750  seed 7/10
  n_samples=750  seed 8/10
  n_samples=750  seed 9/10
  n_samples=750  seed 10/10

Sweeping n_obs
  n_obs=4  seed 1/10
  n_obs=4  seed 2/10
  n_obs=4  seed 3/10
  n_obs=4  seed 4/10
  n_obs=4  seed 5/10
  n_obs=4  seed 6/10
  n_obs=4  seed 7/10
  n_obs=4  seed 8/10
  n_obs=4  seed 9/10
  n_obs=4  seed 10/10
  n_obs=6  seed 1/10
  n_obs=6  seed 2/10
  n_obs=6  seed 3/10
  n_obs=6  seed 4/10
  n_obs=6  seed 5/10
  n_obs=6  seed 6/10
  n_obs=6  seed 7/10
  n_obs=6  seed 8/10
  n_obs=6  seed 9/10
  n_obs=6  seed 10/10
  n_obs=8  seed 1/10
  n_obs=8  seed 2/10
  n_obs=8  seed 3/10
  n_obs=8  seed 4/10
  n_obs=8  seed 5/10
  n_obs=8  seed 6/10
  n_obs=8  seed 7/10
  n_obs=8  seed 8/10
  n_obs=8  seed 9/10
  n_obs=8  seed 10/10
  n_obs=10  seed 1/10
  n_obs=10  seed 2/10
  n_obs=10  seed 3/10
  n_obs=10  seed 4/10
  n_obs=10  seed 5/10
  n_obs=10  seed 6/10
  n_obs=10  seed 7/10
  n_obs=10  seed 8/10
  n_obs=10  seed 9/10
  n_obs=10  seed 10/10

Sweeping p_graph
  p_graph=0.0  seed 1/10
  p_graph=0.0  seed 2/10
  p_graph=0.0  seed 3/10
  p_graph=0.0  seed 4/10
  p_graph=0.0  seed 5/10
  p_graph=0.0  seed 6/10
  p_graph=0.0  seed 7/10
  p_graph=0.0  seed 8/10
  p_graph=0.0  seed 9/10
  p_graph=0.0  seed 10/10
  p_graph=0.2  seed 1/10
  p_graph=0.2  seed 2/10
  p_graph=0.2  seed 3/10
  p_graph=0.2  seed 4/10
  p_graph=0.2  seed 5/10
  p_graph=0.2  seed 6/10
  p_graph=0.2  seed 7/10
  p_graph=0.2  seed 8/10
  p_graph=0.2  seed 9/10
  p_graph=0.2  seed 10/10
  p_graph=0.4  seed 1/10
  p_graph=0.4  seed 2/10
  p_graph=0.4  seed 3/10
  p_graph=0.4  seed 4/10
  p_graph=0.4  seed 5/10
  p_graph=0.4  seed 6/10
  p_graph=0.4  seed 7/10
  p_graph=0.4  seed 8/10
  p_graph=0.4  seed 9/10
  p_graph=0.4  seed 10/10
  p_graph=0.6  seed 1/10
  p_graph=0.6  seed 2/10
  p_graph=0.6  seed 3/10
  p_graph=0.6  seed 4/10
  p_graph=0.6  seed 5/10
  p_graph=0.6  seed 6/10
  p_graph=0.6  seed 7/10
  p_graph=0.6  seed 8/10
  p_graph=0.6  seed 9/10
  p_graph=0.6  seed 10/10
  p_graph=0.8  seed 1/10
  p_graph=0.8  seed 2/10
  p_graph=0.8  seed 3/10
  p_graph=0.8  seed 4/10
  p_graph=0.8  seed 5/10
  p_graph=0.8  seed 6/10
  p_graph=0.8  seed 7/10
  p_graph=0.8  seed 8/10
  p_graph=0.8  seed 9/10
  p_graph=0.8  seed 10/10
  p_graph=1.0  seed 1/10
  p_graph=1.0  seed 2/10
  p_graph=1.0  seed 3/10
  p_graph=1.0  seed 4/10
  p_graph=1.0  seed 5/10
  p_graph=1.0  seed 6/10
  p_graph=1.0  seed 7/10
  p_graph=1.0  seed 8/10
  p_graph=1.0  seed 9/10
  p_graph=1.0  seed 10/10

Done. Results in /home/yasmine/tb_internship/results/sweep_20260430_1555/results.csv
R callback write-console: There were 50 or more warnings (use warnings() to see the first 50)  
R callback write-console: 
  
Graphviz is not installed. 
  Please install this program in order to visualize graphical models in pyagrum. 
  See https://graphviz.org/download/

Sweeping n_mix
  n_mix=2  seed 1/10  method=cmm_logistic
  n_mix=2  seed 1/10  method=pc_pillai
  n_mix=2  seed 1/10  method=ges_cg
  n_mix=2  seed 1/10  method=empty
  n_mix=2  seed 2/10  method=cmm_logistic
  n_mix=2  seed 2/10  method=pc_pillai
  n_mix=2  seed 2/10  method=ges_cg
  n_mix=2  seed 2/10  method=empty
  n_mix=2  seed 3/10  method=cmm_logistic
  n_mix=2  seed 3/10  method=pc_pillai
  n_mix=2  seed 3/10  method=ges_cg
  n_mix=2  seed 3/10  method=empty
  n_mix=2  seed 4/10  method=cmm_logistic
  n_mix=2  seed 4/10  method=pc_pillai
  n_mix=2  seed 4/10  method=ges_cg
  n_mix=2  seed 4/10  method=empty
  n_mix=2  seed 5/10  method=cmm_logistic
  n_mix=2  seed 5/10  method=pc_pillai
  n_mix=2  seed 5/10  method=ges_cg
  n_mix=2  seed 5/10  method=empty
  n_mix=2  seed 6/10  method=cmm_logistic
  n_mix=2  seed 6/10  method=pc_pillai
  n_mix=2  seed 6/10  method=ges_cg
  n_mix=2  seed 6/10  method=empty
  n_mix=2  seed 7/10  method=cmm_logistic
  n_mix=2  seed 7/10  method=pc_pillai
  n_mix=2  seed 7/10  method=ges_cg
  n_mix=2  seed 7/10  method=empty
  n_mix=2  seed 8/10  method=cmm_logistic
  n_mix=2  seed 8/10  method=pc_pillai
  n_mix=2  seed 8/10  method=ges_cg
  n_mix=2  seed 8/10  method=empty
  n_mix=2  seed 9/10  method=cmm_logistic
  n_mix=2  seed 9/10  method=pc_pillai
  n_mix=2  seed 9/10  method=ges_cg
  n_mix=2  seed 9/10  method=empty
  n_mix=2  seed 10/10  method=cmm_logistic
  n_mix=2  seed 10/10  method=pc_pillai
  n_mix=2  seed 10/10  method=ges_cg
  n_mix=2  seed 10/10  method=empty
  n_mix=3  seed 1/10  method=cmm_logistic
  n_mix=3  seed 1/10  method=pc_pillai
  n_mix=3  seed 1/10  method=ges_cg
  n_mix=3  seed 1/10  method=empty
  n_mix=3  seed 2/10  method=cmm_logistic
  n_mix=3  seed 2/10  method=pc_pillai
  n_mix=3  seed 2/10  method=ges_cg
  n_mix=3  seed 2/10  method=empty
  n_mix=3  seed 3/10  method=cmm_logistic
  n_mix=3  seed 3/10  method=pc_pillai
  n_mix=3  seed 3/10  method=ges_cg
  n_mix=3  seed 3/10  method=empty
  n_mix=3  seed 4/10  method=cmm_logistic
  n_mix=3  seed 4/10  method=pc_pillai
  n_mix=3  seed 4/10  method=ges_cg
  n_mix=3  seed 4/10  method=empty
  n_mix=3  seed 5/10  method=cmm_logistic
  n_mix=3  seed 5/10  method=pc_pillai
  n_mix=3  seed 5/10  method=ges_cg
  n_mix=3  seed 5/10  method=empty
  n_mix=3  seed 6/10  method=cmm_logistic
  n_mix=3  seed 6/10  method=pc_pillai
  n_mix=3  seed 6/10  method=ges_cg
  n_mix=3  seed 6/10  method=empty
  n_mix=3  seed 7/10  method=cmm_logistic
  n_mix=3  seed 7/10  method=pc_pillai
  n_mix=3  seed 7/10  method=ges_cg
  n_mix=3  seed 7/10  method=empty
  n_mix=3  seed 8/10  method=cmm_logistic
  n_mix=3  seed 8/10  method=pc_pillai
  n_mix=3  seed 8/10  method=ges_cg
  n_mix=3  seed 8/10  method=empty
  n_mix=3  seed 9/10  method=cmm_logistic
  n_mix=3  seed 9/10  method=pc_pillai
  n_mix=3  seed 9/10  method=ges_cg
  n_mix=3  seed 9/10  method=empty
  n_mix=3  seed 10/10  method=cmm_logistic
  n_mix=3  seed 10/10  method=pc_pillai
  n_mix=3  seed 10/10  method=ges_cg
  n_mix=3  seed 10/10  method=empty
  n_mix=4  seed 1/10  method=cmm_logistic
  n_mix=4  seed 1/10  method=pc_pillai
  n_mix=4  seed 1/10  method=ges_cg
  n_mix=4  seed 1/10  method=empty
  n_mix=4  seed 2/10  method=cmm_logistic
  n_mix=4  seed 2/10  method=pc_pillai
  n_mix=4  seed 2/10  method=ges_cg
  n_mix=4  seed 2/10  method=empty
  n_mix=4  seed 3/10  method=cmm_logistic
  n_mix=4  seed 3/10  method=pc_pillai
  n_mix=4  seed 3/10  method=ges_cg
  n_mix=4  seed 3/10  method=empty
  n_mix=4  seed 4/10  method=cmm_logistic
  n_mix=4  seed 4/10  method=pc_pillai
  n_mix=4  seed 4/10  method=ges_cg
  n_mix=4  seed 4/10  method=empty
  n_mix=4  seed 5/10  method=cmm_logistic
  n_mix=4  seed 5/10  method=pc_pillai
  n_mix=4  seed 5/10  method=ges_cg
  n_mix=4  seed 5/10  method=empty
  n_mix=4  seed 6/10  method=cmm_logistic
  n_mix=4  seed 6/10  method=pc_pillai
  n_mix=4  seed 6/10  method=ges_cg
  n_mix=4  seed 6/10  method=empty
  n_mix=4  seed 7/10  method=cmm_logistic
  n_mix=4  seed 7/10  method=pc_pillai
  n_mix=4  seed 7/10  method=ges_cg
  n_mix=4  seed 7/10  method=empty
  n_mix=4  seed 8/10  method=cmm_logistic
  n_mix=4  seed 8/10  method=pc_pillai
  n_mix=4  seed 8/10  method=ges_cg
  n_mix=4  seed 8/10  method=empty
  n_mix=4  seed 9/10  method=cmm_logistic
  n_mix=4  seed 9/10  method=pc_pillai
  n_mix=4  seed 9/10  method=ges_cg
  n_mix=4  seed 9/10  method=empty
  n_mix=4  seed 10/10  method=cmm_logistic
  n_mix=4  seed 10/10  method=pc_pillai
  n_mix=4  seed 10/10  method=ges_cg
  n_mix=4  seed 10/10  method=empty
  n_mix=5  seed 1/10  method=cmm_logistic
  n_mix=5  seed 1/10  method=pc_pillai
  n_mix=5  seed 1/10  method=ges_cg
  n_mix=5  seed 1/10  method=empty
  n_mix=5  seed 2/10  method=cmm_logistic
  n_mix=5  seed 2/10  method=pc_pillai
  n_mix=5  seed 2/10  method=ges_cg
  n_mix=5  seed 2/10  method=empty
  n_mix=5  seed 3/10  method=cmm_logistic
  n_mix=5  seed 3/10  method=pc_pillai
  n_mix=5  seed 3/10  method=ges_cg
  n_mix=5  seed 3/10  method=empty
  n_mix=5  seed 4/10  method=cmm_logistic
  n_mix=5  seed 4/10  method=pc_pillai
  n_mix=5  seed 4/10  method=ges_cg
  n_mix=5  seed 4/10  method=empty
  n_mix=5  seed 5/10  method=cmm_logistic
  n_mix=5  seed 5/10  method=pc_pillai
  n_mix=5  seed 5/10  method=ges_cg
  n_mix=5  seed 5/10  method=empty
  n_mix=5  seed 6/10  method=cmm_logistic
  n_mix=5  seed 6/10  method=pc_pillai
  n_mix=5  seed 6/10  method=ges_cg
  n_mix=5  seed 6/10  method=empty
  n_mix=5  seed 7/10  method=cmm_logistic
  n_mix=5  seed 7/10  method=pc_pillai
  n_mix=5  seed 7/10  method=ges_cg
  n_mix=5  seed 7/10  method=empty
  n_mix=5  seed 8/10  method=cmm_logistic
  n_mix=5  seed 8/10  method=pc_pillai
  n_mix=5  seed 8/10  method=ges_cg
  n_mix=5  seed 8/10  method=empty
  n_mix=5  seed 9/10  method=cmm_logistic
  n_mix=5  seed 9/10  method=pc_pillai
  n_mix=5  seed 9/10  method=ges_cg
  n_mix=5  seed 9/10  method=empty
  n_mix=5  seed 10/10  method=cmm_logistic
  n_mix=5  seed 10/10  method=pc_pillai
  n_mix=5  seed 10/10  method=ges_cg
  n_mix=5  seed 10/10  method=empty

Sweeping p_mix
  p_mix=0.0  seed 1/10  method=cmm_logistic
  p_mix=0.0  seed 1/10  method=pc_pillai
  p_mix=0.0  seed 1/10  method=ges_cg
  p_mix=0.0  seed 1/10  method=empty
  p_mix=0.0  seed 2/10  method=cmm_logistic
  p_mix=0.0  seed 2/10  method=pc_pillai
  p_mix=0.0  seed 2/10  method=ges_cg
  p_mix=0.0  seed 2/10  method=empty
  p_mix=0.0  seed 3/10  method=cmm_logistic
  p_mix=0.0  seed 3/10  method=pc_pillai
  p_mix=0.0  seed 3/10  method=ges_cg
  p_mix=0.0  seed 3/10  method=empty
  p_mix=0.0  seed 4/10  method=cmm_logistic
  p_mix=0.0  seed 4/10  method=pc_pillai
  p_mix=0.0  seed 4/10  method=ges_cg
  p_mix=0.0  seed 4/10  method=empty
  p_mix=0.0  seed 5/10  method=cmm_logistic
  p_mix=0.0  seed 5/10  method=pc_pillai
  p_mix=0.0  seed 5/10  method=ges_cg
  p_mix=0.0  seed 5/10  method=empty
  p_mix=0.0  seed 6/10  method=cmm_logistic
  p_mix=0.0  seed 6/10  method=pc_pillai
  p_mix=0.0  seed 6/10  method=ges_cg
  p_mix=0.0  seed 6/10  method=empty
  p_mix=0.0  seed 7/10  method=cmm_logistic
  p_mix=0.0  seed 7/10  method=pc_pillai
  p_mix=0.0  seed 7/10  method=ges_cg
  p_mix=0.0  seed 7/10  method=empty
  p_mix=0.0  seed 8/10  method=cmm_logistic
  p_mix=0.0  seed 8/10  method=pc_pillai
  p_mix=0.0  seed 8/10  method=ges_cg
  p_mix=0.0  seed 8/10  method=empty
  p_mix=0.0  seed 9/10  method=cmm_logistic
  p_mix=0.0  seed 9/10  method=pc_pillai
  p_mix=0.0  seed 9/10  method=ges_cg
  p_mix=0.0  seed 9/10  method=empty
  p_mix=0.0  seed 10/10  method=cmm_logistic
  p_mix=0.0  seed 10/10  method=pc_pillai
  p_mix=0.0  seed 10/10  method=ges_cg
  p_mix=0.0  seed 10/10  method=empty
  p_mix=0.2  seed 1/10  method=cmm_logistic
  p_mix=0.2  seed 1/10  method=pc_pillai
  p_mix=0.2  seed 1/10  method=ges_cg
  p_mix=0.2  seed 1/10  method=empty
  p_mix=0.2  seed 2/10  method=cmm_logistic
  p_mix=0.2  seed 2/10  method=pc_pillai
  p_mix=0.2  seed 2/10  method=ges_cg
  p_mix=0.2  seed 2/10  method=empty
  p_mix=0.2  seed 3/10  method=cmm_logistic
  p_mix=0.2  seed 3/10  method=pc_pillai
  p_mix=0.2  seed 3/10  method=ges_cg
  p_mix=0.2  seed 3/10  method=empty
  p_mix=0.2  seed 4/10  method=cmm_logistic
  p_mix=0.2  seed 4/10  method=pc_pillai
  p_mix=0.2  seed 4/10  method=ges_cg
  p_mix=0.2  seed 4/10  method=empty
  p_mix=0.2  seed 5/10  method=cmm_logistic
  p_mix=0.2  seed 5/10  method=pc_pillai
  p_mix=0.2  seed 5/10  method=ges_cg
  p_mix=0.2  seed 5/10  method=empty
  p_mix=0.2  seed 6/10  method=cmm_logistic
  p_mix=0.2  seed 6/10  method=pc_pillai
  p_mix=0.2  seed 6/10  method=ges_cg
  p_mix=0.2  seed 6/10  method=empty
  p_mix=0.2  seed 7/10  method=cmm_logistic
  p_mix=0.2  seed 7/10  method=pc_pillai
  p_mix=0.2  seed 7/10  method=ges_cg
  p_mix=0.2  seed 7/10  method=empty
  p_mix=0.2  seed 8/10  method=cmm_logistic
  p_mix=0.2  seed 8/10  method=pc_pillai
  p_mix=0.2  seed 8/10  method=ges_cg
  p_mix=0.2  seed 8/10  method=empty
  p_mix=0.2  seed 9/10  method=cmm_logistic
  p_mix=0.2  seed 9/10  method=pc_pillai
  p_mix=0.2  seed 9/10  method=ges_cg
  p_mix=0.2  seed 9/10  method=empty
  p_mix=0.2  seed 10/10  method=cmm_logistic
  p_mix=0.2  seed 10/10  method=pc_pillai
  p_mix=0.2  seed 10/10  method=ges_cg
  p_mix=0.2  seed 10/10  method=empty
  p_mix=0.4  seed 1/10  method=cmm_logistic
  p_mix=0.4  seed 1/10  method=pc_pillai
  p_mix=0.4  seed 1/10  method=ges_cg
  p_mix=0.4  seed 1/10  method=empty
  p_mix=0.4  seed 2/10  method=cmm_logistic
  p_mix=0.4  seed 2/10  method=pc_pillai
  p_mix=0.4  seed 2/10  method=ges_cg
  p_mix=0.4  seed 2/10  method=empty
  p_mix=0.4  seed 3/10  method=cmm_logistic
  p_mix=0.4  seed 3/10  method=pc_pillai
  p_mix=0.4  seed 3/10  method=ges_cg
  p_mix=0.4  seed 3/10  method=empty
  p_mix=0.4  seed 4/10  method=cmm_logistic
  p_mix=0.4  seed 4/10  method=pc_pillai
  p_mix=0.4  seed 4/10  method=ges_cg
  p_mix=0.4  seed 4/10  method=empty
  p_mix=0.4  seed 5/10  method=cmm_logistic
  p_mix=0.4  seed 5/10  method=pc_pillai
  p_mix=0.4  seed 5/10  method=ges_cg
  p_mix=0.4  seed 5/10  method=empty
  p_mix=0.4  seed 6/10  method=cmm_logistic
  p_mix=0.4  seed 6/10  method=pc_pillai
  p_mix=0.4  seed 6/10  method=ges_cg
  p_mix=0.4  seed 6/10  method=empty
  p_mix=0.4  seed 7/10  method=cmm_logistic
  p_mix=0.4  seed 7/10  method=pc_pillai
  p_mix=0.4  seed 7/10  method=ges_cg
  p_mix=0.4  seed 7/10  method=empty
  p_mix=0.4  seed 8/10  method=cmm_logistic
  p_mix=0.4  seed 8/10  method=pc_pillai
  p_mix=0.4  seed 8/10  method=ges_cg
  p_mix=0.4  seed 8/10  method=empty
  p_mix=0.4  seed 9/10  method=cmm_logistic
  p_mix=0.4  seed 9/10  method=pc_pillai
  p_mix=0.4  seed 9/10  method=ges_cg
  p_mix=0.4  seed 9/10  method=empty
  p_mix=0.4  seed 10/10  method=cmm_logistic
  p_mix=0.4  seed 10/10  method=pc_pillai
  p_mix=0.4  seed 10/10  method=ges_cg
  p_mix=0.4  seed 10/10  method=empty
  p_mix=0.5  seed 1/10  method=cmm_logistic
  p_mix=0.5  seed 1/10  method=pc_pillai
  p_mix=0.5  seed 1/10  method=ges_cg
  p_mix=0.5  seed 1/10  method=empty
  p_mix=0.5  seed 2/10  method=cmm_logistic
  p_mix=0.5  seed 2/10  method=pc_pillai
  p_mix=0.5  seed 2/10  method=ges_cg
  p_mix=0.5  seed 2/10  method=empty
  p_mix=0.5  seed 3/10  method=cmm_logistic
  p_mix=0.5  seed 3/10  method=pc_pillai
  p_mix=0.5  seed 3/10  method=ges_cg
  p_mix=0.5  seed 3/10  method=empty
  p_mix=0.5  seed 4/10  method=cmm_logistic
  p_mix=0.5  seed 4/10  method=pc_pillai
  p_mix=0.5  seed 4/10  method=ges_cg
  p_mix=0.5  seed 4/10  method=empty
  p_mix=0.5  seed 5/10  method=cmm_logistic
  p_mix=0.5  seed 5/10  method=pc_pillai
  p_mix=0.5  seed 5/10  method=ges_cg
  p_mix=0.5  seed 5/10  method=empty
  p_mix=0.5  seed 6/10  method=cmm_logistic
  p_mix=0.5  seed 6/10  method=pc_pillai
  p_mix=0.5  seed 6/10  method=ges_cg
  p_mix=0.5  seed 6/10  method=empty
  p_mix=0.5  seed 7/10  method=cmm_logistic
  p_mix=0.5  seed 7/10  method=pc_pillai
  p_mix=0.5  seed 7/10  method=ges_cg
  p_mix=0.5  seed 7/10  method=empty
  p_mix=0.5  seed 8/10  method=cmm_logistic
  p_mix=0.5  seed 8/10  method=pc_pillai
  p_mix=0.5  seed 8/10  method=ges_cg
  p_mix=0.5  seed 8/10  method=empty
  p_mix=0.5  seed 9/10  method=cmm_logistic
  p_mix=0.5  seed 9/10  method=pc_pillai
  p_mix=0.5  seed 9/10  method=ges_cg
  p_mix=0.5  seed 9/10  method=empty
  p_mix=0.5  seed 10/10  method=cmm_logistic
  p_mix=0.5  seed 10/10  method=pc_pillai
  p_mix=0.5  seed 10/10  method=ges_cg
  p_mix=0.5  seed 10/10  method=empty
  p_mix=0.6  seed 1/10  method=cmm_logistic
  p_mix=0.6  seed 1/10  method=pc_pillai
  p_mix=0.6  seed 1/10  method=ges_cg
  p_mix=0.6  seed 1/10  method=empty
  p_mix=0.6  seed 2/10  method=cmm_logistic
  p_mix=0.6  seed 2/10  method=pc_pillai
  p_mix=0.6  seed 2/10  method=ges_cg
  p_mix=0.6  seed 2/10  method=empty
  p_mix=0.6  seed 3/10  method=cmm_logistic
  p_mix=0.6  seed 3/10  method=pc_pillai
  p_mix=0.6  seed 3/10  method=ges_cg
  p_mix=0.6  seed 3/10  method=empty
  p_mix=0.6  seed 4/10  method=cmm_logistic
  p_mix=0.6  seed 4/10  method=pc_pillai
  p_mix=0.6  seed 4/10  method=ges_cg
  p_mix=0.6  seed 4/10  method=empty
  p_mix=0.6  seed 5/10  method=cmm_logistic
  p_mix=0.6  seed 5/10  method=pc_pillai
  p_mix=0.6  seed 5/10  method=ges_cg
  p_mix=0.6  seed 5/10  method=empty
  p_mix=0.6  seed 6/10  method=cmm_logistic
  p_mix=0.6  seed 6/10  method=pc_pillai
  p_mix=0.6  seed 6/10  method=ges_cg
  p_mix=0.6  seed 6/10  method=empty
  p_mix=0.6  seed 7/10  method=cmm_logistic
  p_mix=0.6  seed 7/10  method=pc_pillai
  p_mix=0.6  seed 7/10  method=ges_cg
  p_mix=0.6  seed 7/10  method=empty
  p_mix=0.6  seed 8/10  method=cmm_logistic
  p_mix=0.6  seed 8/10  method=pc_pillai
  p_mix=0.6  seed 8/10  method=ges_cg
  p_mix=0.6  seed 8/10  method=empty
  p_mix=0.6  seed 9/10  method=cmm_logistic
  p_mix=0.6  seed 9/10  method=pc_pillai
  p_mix=0.6  seed 9/10  method=ges_cg
  p_mix=0.6  seed 9/10  method=empty
  p_mix=0.6  seed 10/10  method=cmm_logistic
  p_mix=0.6  seed 10/10  method=pc_pillai
  p_mix=0.6  seed 10/10  method=ges_cg
  p_mix=0.6  seed 10/10  method=empty
  p_mix=0.8  seed 1/10  method=cmm_logistic
  p_mix=0.8  seed 1/10  method=pc_pillai
  p_mix=0.8  seed 1/10  method=ges_cg
  p_mix=0.8  seed 1/10  method=empty
  p_mix=0.8  seed 2/10  method=cmm_logistic
  p_mix=0.8  seed 2/10  method=pc_pillai
  p_mix=0.8  seed 2/10  method=ges_cg
  p_mix=0.8  seed 2/10  method=empty
  p_mix=0.8  seed 3/10  method=cmm_logistic
  p_mix=0.8  seed 3/10  method=pc_pillai
  p_mix=0.8  seed 3/10  method=ges_cg
  p_mix=0.8  seed 3/10  method=empty
  p_mix=0.8  seed 4/10  method=cmm_logistic
  p_mix=0.8  seed 4/10  method=pc_pillai
  p_mix=0.8  seed 4/10  method=ges_cg
  p_mix=0.8  seed 4/10  method=empty
  p_mix=0.8  seed 5/10  method=cmm_logistic
  p_mix=0.8  seed 5/10  method=pc_pillai
  p_mix=0.8  seed 5/10  method=ges_cg
  p_mix=0.8  seed 5/10  method=empty
  p_mix=0.8  seed 6/10  method=cmm_logistic
  p_mix=0.8  seed 6/10  method=pc_pillai
  p_mix=0.8  seed 6/10  method=ges_cg
  p_mix=0.8  seed 6/10  method=empty
  p_mix=0.8  seed 7/10  method=cmm_logistic
  p_mix=0.8  seed 7/10  method=pc_pillai
  p_mix=0.8  seed 7/10  method=ges_cg
  p_mix=0.8  seed 7/10  method=empty
  p_mix=0.8  seed 8/10  method=cmm_logistic
  p_mix=0.8  seed 8/10  method=pc_pillai
  p_mix=0.8  seed 8/10  method=ges_cg
  p_mix=0.8  seed 8/10  method=empty
  p_mix=0.8  seed 9/10  method=cmm_logistic
  p_mix=0.8  seed 9/10  method=pc_pillai
  p_mix=0.8  seed 9/10  method=ges_cg
  p_mix=0.8  seed 9/10  method=empty
  p_mix=0.8  seed 10/10  method=cmm_logistic
  p_mix=0.8  seed 10/10  method=pc_pillai
  p_mix=0.8  seed 10/10  method=ges_cg
  p_mix=0.8  seed 10/10  method=empty
  p_mix=1.0  seed 1/10  method=cmm_logistic
  p_mix=1.0  seed 1/10  method=pc_pillai
  p_mix=1.0  seed 1/10  method=ges_cg
  p_mix=1.0  seed 1/10  method=empty
  p_mix=1.0  seed 2/10  method=cmm_logistic
  p_mix=1.0  seed 2/10  method=pc_pillai
  p_mix=1.0  seed 2/10  method=ges_cg
  p_mix=1.0  seed 2/10  method=empty
  p_mix=1.0  seed 3/10  method=cmm_logistic
  p_mix=1.0  seed 3/10  method=pc_pillai
  p_mix=1.0  seed 3/10  method=ges_cg
  p_mix=1.0  seed 3/10  method=empty
  p_mix=1.0  seed 4/10  method=cmm_logistic
  p_mix=1.0  seed 4/10  method=pc_pillai
  p_mix=1.0  seed 4/10  method=ges_cg
  p_mix=1.0  seed 4/10  method=empty
  p_mix=1.0  seed 5/10  method=cmm_logistic
  p_mix=1.0  seed 5/10  method=pc_pillai
  p_mix=1.0  seed 5/10  method=ges_cg
  p_mix=1.0  seed 5/10  method=empty
  p_mix=1.0  seed 6/10  method=cmm_logistic
  p_mix=1.0  seed 6/10  method=pc_pillai
  p_mix=1.0  seed 6/10  method=ges_cg
  p_mix=1.0  seed 6/10  method=empty
  p_mix=1.0  seed 7/10  method=cmm_logistic
  p_mix=1.0  seed 7/10  method=pc_pillai
  p_mix=1.0  seed 7/10  method=ges_cg
  p_mix=1.0  seed 7/10  method=empty
  p_mix=1.0  seed 8/10  method=cmm_logistic
  p_mix=1.0  seed 8/10  method=pc_pillai
  p_mix=1.0  seed 8/10  method=ges_cg
  p_mix=1.0  seed 8/10  method=empty
  p_mix=1.0  seed 9/10  method=cmm_logistic
  p_mix=1.0  seed 9/10  method=pc_pillai
  p_mix=1.0  seed 9/10  method=ges_cg
  p_mix=1.0  seed 9/10  method=empty
  p_mix=1.0  seed 10/10  method=cmm_logistic
  p_mix=1.0  seed 10/10  method=pc_pillai
  p_mix=1.0  seed 10/10  method=ges_cg
  p_mix=1.0  seed 10/10  method=empty

Sweeping n_samples
  n_samples=100  seed 1/10  method=cmm_logistic
  n_samples=100  seed 1/10  method=pc_pillai
  n_samples=100  seed 1/10  method=ges_cg
  n_samples=100  seed 1/10  method=empty
  n_samples=100  seed 2/10  method=cmm_logistic
  n_samples=100  seed 2/10  method=pc_pillai
  n_samples=100  seed 2/10  method=ges_cg
  n_samples=100  seed 2/10  method=empty
  n_samples=100  seed 3/10  method=cmm_logistic
  n_samples=100  seed 3/10  method=pc_pillai
  n_samples=100  seed 3/10  method=ges_cg
  n_samples=100  seed 3/10  method=empty
  n_samples=100  seed 4/10  method=cmm_logistic
  n_samples=100  seed 4/10  method=pc_pillai
  n_samples=100  seed 4/10  method=ges_cg
  n_samples=100  seed 4/10  method=empty
  n_samples=100  seed 5/10  method=cmm_logistic
  n_samples=100  seed 5/10  method=pc_pillai
  n_samples=100  seed 5/10  method=ges_cg
  n_samples=100  seed 5/10  method=empty
  n_samples=100  seed 6/10  method=cmm_logistic
  n_samples=100  seed 6/10  method=pc_pillai
  n_samples=100  seed 6/10  method=ges_cg
  n_samples=100  seed 6/10  method=empty
  n_samples=100  seed 7/10  method=cmm_logistic
  n_samples=100  seed 7/10  method=pc_pillai
  n_samples=100  seed 7/10  method=ges_cg
  n_samples=100  seed 7/10  method=empty
  n_samples=100  seed 8/10  method=cmm_logistic
  n_samples=100  seed 8/10  method=pc_pillai
  n_samples=100  seed 8/10  method=ges_cg
  n_samples=100  seed 8/10  method=empty
  n_samples=100  seed 9/10  method=cmm_logistic
  n_samples=100  seed 9/10  method=pc_pillai
  n_samples=100  seed 9/10  method=ges_cg
  n_samples=100  seed 9/10  method=empty
  n_samples=100  seed 10/10  method=cmm_logistic
  n_samples=100  seed 10/10  method=pc_pillai
  n_samples=100  seed 10/10  method=ges_cg
  n_samples=100  seed 10/10  method=empty
  n_samples=164  seed 1/10  method=cmm_logistic
  n_samples=164  seed 1/10  method=pc_pillai
  n_samples=164  seed 1/10  method=ges_cg
  n_samples=164  seed 1/10  method=empty
  n_samples=164  seed 2/10  method=cmm_logistic
  n_samples=164  seed 2/10  method=pc_pillai
  n_samples=164  seed 2/10  method=ges_cg
  n_samples=164  seed 2/10  method=empty
  n_samples=164  seed 3/10  method=cmm_logistic
  n_samples=164  seed 3/10  method=pc_pillai
  n_samples=164  seed 3/10  method=ges_cg
  n_samples=164  seed 3/10  method=empty
  n_samples=164  seed 4/10  method=cmm_logistic
  n_samples=164  seed 4/10  method=pc_pillai
  n_samples=164  seed 4/10  method=ges_cg
  n_samples=164  seed 4/10  method=empty
  n_samples=164  seed 5/10  method=cmm_logistic
  n_samples=164  seed 5/10  method=pc_pillai
  n_samples=164  seed 5/10  method=ges_cg
  n_samples=164  seed 5/10  method=empty
  n_samples=164  seed 6/10  method=cmm_logistic
  n_samples=164  seed 6/10  method=pc_pillai
  n_samples=164  seed 6/10  method=ges_cg
  n_samples=164  seed 6/10  method=empty
  n_samples=164  seed 7/10  method=cmm_logistic
  n_samples=164  seed 7/10  method=pc_pillai
  n_samples=164  seed 7/10  method=ges_cg
  n_samples=164  seed 7/10  method=empty
  n_samples=164  seed 8/10  method=cmm_logistic
  n_samples=164  seed 8/10  method=pc_pillai
  n_samples=164  seed 8/10  method=ges_cg
  n_samples=164  seed 8/10  method=empty
  n_samples=164  seed 9/10  method=cmm_logistic
  n_samples=164  seed 9/10  method=pc_pillai
  n_samples=164  seed 9/10  method=ges_cg
  n_samples=164  seed 9/10  method=empty
  n_samples=164  seed 10/10  method=cmm_logistic
  n_samples=164  seed 10/10  method=pc_pillai
  n_samples=164  seed 10/10  method=ges_cg
  n_samples=164  seed 10/10  method=empty
  n_samples=300  seed 1/10  method=cmm_logistic
  n_samples=300  seed 1/10  method=pc_pillai
  n_samples=300  seed 1/10  method=ges_cg
  n_samples=300  seed 1/10  method=empty
  n_samples=300  seed 2/10  method=cmm_logistic
  n_samples=300  seed 2/10  method=pc_pillai
  n_samples=300  seed 2/10  method=ges_cg
  n_samples=300  seed 2/10  method=empty
  n_samples=300  seed 3/10  method=cmm_logistic
  n_samples=300  seed 3/10  method=pc_pillai
  n_samples=300  seed 3/10  method=ges_cg
  n_samples=300  seed 3/10  method=empty
  n_samples=300  seed 4/10  method=cmm_logistic
  n_samples=300  seed 4/10  method=pc_pillai
  n_samples=300  seed 4/10  method=ges_cg
  n_samples=300  seed 4/10  method=empty
  n_samples=300  seed 5/10  method=cmm_logistic
  n_samples=300  seed 5/10  method=pc_pillai
  n_samples=300  seed 5/10  method=ges_cg
  n_samples=300  seed 5/10  method=empty
  n_samples=300  seed 6/10  method=cmm_logistic
  n_samples=300  seed 6/10  method=pc_pillai
  n_samples=300  seed 6/10  method=ges_cg
  n_samples=300  seed 6/10  method=empty
  n_samples=300  seed 7/10  method=cmm_logistic
  n_samples=300  seed 7/10  method=pc_pillai
  n_samples=300  seed 7/10  method=ges_cg
  n_samples=300  seed 7/10  method=empty
  n_samples=300  seed 8/10  method=cmm_logistic
  n_samples=300  seed 8/10  method=pc_pillai
  n_samples=300  seed 8/10  method=ges_cg
  n_samples=300  seed 8/10  method=empty
  n_samples=300  seed 9/10  method=cmm_logistic
  n_samples=300  seed 9/10  method=pc_pillai
  n_samples=300  seed 9/10  method=ges_cg
  n_samples=300  seed 9/10  method=empty
  n_samples=300  seed 10/10  method=cmm_logistic
  n_samples=300  seed 10/10  method=pc_pillai
  n_samples=300  seed 10/10  method=ges_cg
  n_samples=300  seed 10/10  method=empty
  n_samples=500  seed 1/10  method=cmm_logistic
  n_samples=500  seed 1/10  method=pc_pillai
  n_samples=500  seed 1/10  method=ges_cg
  n_samples=500  seed 1/10  method=empty
  n_samples=500  seed 2/10  method=cmm_logistic
  n_samples=500  seed 2/10  method=pc_pillai
  n_samples=500  seed 2/10  method=ges_cg
  n_samples=500  seed 2/10  method=empty
  n_samples=500  seed 3/10  method=cmm_logistic
  n_samples=500  seed 3/10  method=pc_pillai
  n_samples=500  seed 3/10  method=ges_cg
  n_samples=500  seed 3/10  method=empty
  n_samples=500  seed 4/10  method=cmm_logistic
  n_samples=500  seed 4/10  method=pc_pillai
  n_samples=500  seed 4/10  method=ges_cg
  n_samples=500  seed 4/10  method=empty
  n_samples=500  seed 5/10  method=cmm_logistic
  n_samples=500  seed 5/10  method=pc_pillai
  n_samples=500  seed 5/10  method=ges_cg
  n_samples=500  seed 5/10  method=empty
  n_samples=500  seed 6/10  method=cmm_logistic
  n_samples=500  seed 6/10  method=pc_pillai
  n_samples=500  seed 6/10  method=ges_cg
  n_samples=500  seed 6/10  method=empty
  n_samples=500  seed 7/10  method=cmm_logistic
  n_samples=500  seed 7/10  method=pc_pillai
  n_samples=500  seed 7/10  method=ges_cg
  n_samples=500  seed 7/10  method=empty
  n_samples=500  seed 8/10  method=cmm_logistic
  n_samples=500  seed 8/10  method=pc_pillai
  n_samples=500  seed 8/10  method=ges_cg
  n_samples=500  seed 8/10  method=empty
  n_samples=500  seed 9/10  method=cmm_logistic
  n_samples=500  seed 9/10  method=pc_pillai
  n_samples=500  seed 9/10  method=ges_cg
  n_samples=500  seed 9/10  method=empty
  n_samples=500  seed 10/10  method=cmm_logistic
  n_samples=500  seed 10/10  method=pc_pillai
  n_samples=500  seed 10/10  method=ges_cg
  n_samples=500  seed 10/10  method=empty
  n_samples=750  seed 1/10  method=cmm_logistic
  n_samples=750  seed 1/10  method=pc_pillai
  n_samples=750  seed 1/10  method=ges_cg
  n_samples=750  seed 1/10  method=empty
  n_samples=750  seed 2/10  method=cmm_logistic
  n_samples=750  seed 2/10  method=pc_pillai
  n_samples=750  seed 2/10  method=ges_cg
  n_samples=750  seed 2/10  method=empty
  n_samples=750  seed 3/10  method=cmm_logistic
  n_samples=750  seed 3/10  method=pc_pillai
  n_samples=750  seed 3/10  method=ges_cg
  n_samples=750  seed 3/10  method=empty
  n_samples=750  seed 4/10  method=cmm_logistic
  n_samples=750  seed 4/10  method=pc_pillai
  n_samples=750  seed 4/10  method=ges_cg
  n_samples=750  seed 4/10  method=empty
  n_samples=750  seed 5/10  method=cmm_logistic
  n_samples=750  seed 5/10  method=pc_pillai
  n_samples=750  seed 5/10  method=ges_cg
  n_samples=750  seed 5/10  method=empty
  n_samples=750  seed 6/10  method=cmm_logistic
  n_samples=750  seed 6/10  method=pc_pillai
  n_samples=750  seed 6/10  method=ges_cg
  n_samples=750  seed 6/10  method=empty
  n_samples=750  seed 7/10  method=cmm_logistic
  n_samples=750  seed 7/10  method=pc_pillai
  n_samples=750  seed 7/10  method=ges_cg
  n_samples=750  seed 7/10  method=empty
  n_samples=750  seed 8/10  method=cmm_logistic
  n_samples=750  seed 8/10  method=pc_pillai
  n_samples=750  seed 8/10  method=ges_cg
  n_samples=750  seed 8/10  method=empty
  n_samples=750  seed 9/10  method=cmm_logistic
  n_samples=750  seed 9/10  method=pc_pillai
  n_samples=750  seed 9/10  method=ges_cg
  n_samples=750  seed 9/10  method=empty
  n_samples=750  seed 10/10  method=cmm_logistic
  n_samples=750  seed 10/10  method=pc_pillai
  n_samples=750  seed 10/10  method=ges_cg
  n_samples=750  seed 10/10  method=empty

Sweeping n_obs
  n_obs=4  seed 1/10  method=cmm_logistic
  n_obs=4  seed 1/10  method=pc_pillai
  n_obs=4  seed 1/10  method=ges_cg
  n_obs=4  seed 1/10  method=empty
  n_obs=4  seed 2/10  method=cmm_logistic
  n_obs=4  seed 2/10  method=pc_pillai
  n_obs=4  seed 2/10  method=ges_cg
  n_obs=4  seed 2/10  method=empty
  n_obs=4  seed 3/10  method=cmm_logistic
  n_obs=4  seed 3/10  method=pc_pillai
  n_obs=4  seed 3/10  method=ges_cg
  n_obs=4  seed 3/10  method=empty
  n_obs=4  seed 4/10  method=cmm_logistic
  n_obs=4  seed 4/10  method=pc_pillai
  n_obs=4  seed 4/10  method=ges_cg
  n_obs=4  seed 4/10  method=empty
  n_obs=4  seed 5/10  method=cmm_logistic
  n_obs=4  seed 5/10  method=pc_pillai
  n_obs=4  seed 5/10  method=ges_cg
  n_obs=4  seed 5/10  method=empty
  n_obs=4  seed 6/10  method=cmm_logistic
  n_obs=4  seed 6/10  method=pc_pillai
  n_obs=4  seed 6/10  method=ges_cg
  n_obs=4  seed 6/10  method=empty
  n_obs=4  seed 7/10  method=cmm_logistic
  n_obs=4  seed 7/10  method=pc_pillai
  n_obs=4  seed 7/10  method=ges_cg
  n_obs=4  seed 7/10  method=empty
  n_obs=4  seed 8/10  method=cmm_logistic
  n_obs=4  seed 8/10  method=pc_pillai
  n_obs=4  seed 8/10  method=ges_cg
  n_obs=4  seed 8/10  method=empty
  n_obs=4  seed 9/10  method=cmm_logistic
  n_obs=4  seed 9/10  method=pc_pillai
  n_obs=4  seed 9/10  method=ges_cg
  n_obs=4  seed 9/10  method=empty
  n_obs=4  seed 10/10  method=cmm_logistic
  n_obs=4  seed 10/10  method=pc_pillai
  n_obs=4  seed 10/10  method=ges_cg
  n_obs=4  seed 10/10  method=empty
  n_obs=6  seed 1/10  method=cmm_logistic
  n_obs=6  seed 1/10  method=pc_pillai
  n_obs=6  seed 1/10  method=ges_cg
  n_obs=6  seed 1/10  method=empty
  n_obs=6  seed 2/10  method=cmm_logistic
  n_obs=6  seed 2/10  method=pc_pillai
  n_obs=6  seed 2/10  method=ges_cg
  n_obs=6  seed 2/10  method=empty
  n_obs=6  seed 3/10  method=cmm_logistic
  n_obs=6  seed 3/10  method=pc_pillai
  n_obs=6  seed 3/10  method=ges_cg
  n_obs=6  seed 3/10  method=empty
  n_obs=6  seed 4/10  method=cmm_logistic
  n_obs=6  seed 4/10  method=pc_pillai
  n_obs=6  seed 4/10  method=ges_cg
  n_obs=6  seed 4/10  method=empty
  n_obs=6  seed 5/10  method=cmm_logistic
  n_obs=6  seed 5/10  method=pc_pillai
  n_obs=6  seed 5/10  method=ges_cg
  n_obs=6  seed 5/10  method=empty
  n_obs=6  seed 6/10  method=cmm_logistic
  n_obs=6  seed 6/10  method=pc_pillai
  n_obs=6  seed 6/10  method=ges_cg
  n_obs=6  seed 6/10  method=empty
  n_obs=6  seed 7/10  method=cmm_logistic
  n_obs=6  seed 7/10  method=pc_pillai
  n_obs=6  seed 7/10  method=ges_cg
  n_obs=6  seed 7/10  method=empty
  n_obs=6  seed 8/10  method=cmm_logistic
  n_obs=6  seed 8/10  method=pc_pillai
  n_obs=6  seed 8/10  method=ges_cg
  n_obs=6  seed 8/10  method=empty
  n_obs=6  seed 9/10  method=cmm_logistic
  n_obs=6  seed 9/10  method=pc_pillai
  n_obs=6  seed 9/10  method=ges_cg
  n_obs=6  seed 9/10  method=empty
  n_obs=6  seed 10/10  method=cmm_logistic
  n_obs=6  seed 10/10  method=pc_pillai
  n_obs=6  seed 10/10  method=ges_cg
  n_obs=6  seed 10/10  method=empty
  n_obs=8  seed 1/10  method=cmm_logistic
  n_obs=8  seed 1/10  method=pc_pillai
  n_obs=8  seed 1/10  method=ges_cg
  n_obs=8  seed 1/10  method=empty
  n_obs=8  seed 2/10  method=cmm_logistic
  n_obs=8  seed 2/10  method=pc_pillai
  n_obs=8  seed 2/10  method=ges_cg
  n_obs=8  seed 2/10  method=empty
  n_obs=8  seed 3/10  method=cmm_logistic
  n_obs=8  seed 3/10  method=pc_pillai
  n_obs=8  seed 3/10  method=ges_cg
  n_obs=8  seed 3/10  method=empty
  n_obs=8  seed 4/10  method=cmm_logistic
  n_obs=8  seed 4/10  method=pc_pillai
  n_obs=8  seed 4/10  method=ges_cg
  n_obs=8  seed 4/10  method=empty
  n_obs=8  seed 5/10  method=cmm_logistic
  n_obs=8  seed 5/10  method=pc_pillai
  n_obs=8  seed 5/10  method=ges_cg
  n_obs=8  seed 5/10  method=empty
  n_obs=8  seed 6/10  method=cmm_logistic
  n_obs=8  seed 6/10  method=pc_pillai
  n_obs=8  seed 6/10  method=ges_cg
  n_obs=8  seed 6/10  method=empty
  n_obs=8  seed 7/10  method=cmm_logistic
  n_obs=8  seed 7/10  method=pc_pillai
  n_obs=8  seed 7/10  method=ges_cg
  n_obs=8  seed 7/10  method=empty
  n_obs=8  seed 8/10  method=cmm_logistic
  n_obs=8  seed 8/10  method=pc_pillai
  n_obs=8  seed 8/10  method=ges_cg
  n_obs=8  seed 8/10  method=empty
  n_obs=8  seed 9/10  method=cmm_logistic
  n_obs=8  seed 9/10  method=pc_pillai
  n_obs=8  seed 9/10  method=ges_cg
  n_obs=8  seed 9/10  method=empty
  n_obs=8  seed 10/10  method=cmm_logistic
  n_obs=8  seed 10/10  method=pc_pillai
  n_obs=8  seed 10/10  method=ges_cg
  n_obs=8  seed 10/10  method=empty
  n_obs=10  seed 1/10  method=cmm_logistic
  n_obs=10  seed 1/10  method=pc_pillai
  n_obs=10  seed 1/10  method=ges_cg
  n_obs=10  seed 1/10  method=empty
  n_obs=10  seed 2/10  method=cmm_logistic
  n_obs=10  seed 2/10  method=pc_pillai
  n_obs=10  seed 2/10  method=ges_cg
  n_obs=10  seed 2/10  method=empty
  n_obs=10  seed 3/10  method=cmm_logistic
  n_obs=10  seed 3/10  method=pc_pillai
  n_obs=10  seed 3/10  method=ges_cg
  n_obs=10  seed 3/10  method=empty
  n_obs=10  seed 4/10  method=cmm_logistic
  n_obs=10  seed 4/10  method=pc_pillai
  n_obs=10  seed 4/10  method=ges_cg
  n_obs=10  seed 4/10  method=empty
  n_obs=10  seed 5/10  method=cmm_logistic
  n_obs=10  seed 5/10  method=pc_pillai
  n_obs=10  seed 5/10  method=ges_cg
  n_obs=10  seed 5/10  method=empty
  n_obs=10  seed 6/10  method=cmm_logistic
  n_obs=10  seed 6/10  method=pc_pillai
  n_obs=10  seed 6/10  method=ges_cg
  n_obs=10  seed 6/10  method=empty
  n_obs=10  seed 7/10  method=cmm_logistic
  n_obs=10  seed 7/10  method=pc_pillai
  n_obs=10  seed 7/10  method=ges_cg
  n_obs=10  seed 7/10  method=empty
  n_obs=10  seed 8/10  method=cmm_logistic
  n_obs=10  seed 8/10  method=pc_pillai
  n_obs=10  seed 8/10  method=ges_cg
  n_obs=10  seed 8/10  method=empty
  n_obs=10  seed 9/10  method=cmm_logistic
  n_obs=10  seed 9/10  method=pc_pillai
  n_obs=10  seed 9/10  method=ges_cg
  n_obs=10  seed 9/10  method=empty
  n_obs=10  seed 10/10  method=cmm_logistic
  n_obs=10  seed 10/10  method=pc_pillai
  n_obs=10  seed 10/10  method=ges_cg
  n_obs=10  seed 10/10  method=empty

Sweeping p_graph
  p_graph=0.0  seed 1/10  method=cmm_logistic
  p_graph=0.0  seed 1/10  method=pc_pillai
  p_graph=0.0  seed 1/10  method=ges_cg
  p_graph=0.0  seed 1/10  method=empty
  p_graph=0.0  seed 2/10  method=cmm_logistic
  p_graph=0.0  seed 2/10  method=pc_pillai
  p_graph=0.0  seed 2/10  method=ges_cg
  p_graph=0.0  seed 2/10  method=empty
  p_graph=0.0  seed 3/10  method=cmm_logistic
  p_graph=0.0  seed 3/10  method=pc_pillai
  p_graph=0.0  seed 3/10  method=ges_cg
  p_graph=0.0  seed 3/10  method=empty
  p_graph=0.0  seed 4/10  method=cmm_logistic
  p_graph=0.0  seed 4/10  method=pc_pillai
  p_graph=0.0  seed 4/10  method=ges_cg
  p_graph=0.0  seed 4/10  method=empty
  p_graph=0.0  seed 5/10  method=cmm_logistic
  p_graph=0.0  seed 5/10  method=pc_pillai
  p_graph=0.0  seed 5/10  method=ges_cg
  p_graph=0.0  seed 5/10  method=empty
  p_graph=0.0  seed 6/10  method=cmm_logistic
  p_graph=0.0  seed 6/10  method=pc_pillai
  p_graph=0.0  seed 6/10  method=ges_cg
  p_graph=0.0  seed 6/10  method=empty
  p_graph=0.0  seed 7/10  method=cmm_logistic
  p_graph=0.0  seed 7/10  method=pc_pillai
  p_graph=0.0  seed 7/10  method=ges_cg
  p_graph=0.0  seed 7/10  method=empty
  p_graph=0.0  seed 8/10  method=cmm_logistic
  p_graph=0.0  seed 8/10  method=pc_pillai
  p_graph=0.0  seed 8/10  method=ges_cg
  p_graph=0.0  seed 8/10  method=empty
  p_graph=0.0  seed 9/10  method=cmm_logistic
  p_graph=0.0  seed 9/10  method=pc_pillai
  p_graph=0.0  seed 9/10  method=ges_cg
  p_graph=0.0  seed 9/10  method=empty
  p_graph=0.0  seed 10/10  method=cmm_logistic
  p_graph=0.0  seed 10/10  method=pc_pillai
  p_graph=0.0  seed 10/10  method=ges_cg
  p_graph=0.0  seed 10/10  method=empty
  p_graph=0.2  seed 1/10  method=cmm_logistic
  p_graph=0.2  seed 1/10  method=pc_pillai
  p_graph=0.2  seed 1/10  method=ges_cg
  p_graph=0.2  seed 1/10  method=empty
  p_graph=0.2  seed 2/10  method=cmm_logistic
  p_graph=0.2  seed 2/10  method=pc_pillai
  p_graph=0.2  seed 2/10  method=ges_cg
  p_graph=0.2  seed 2/10  method=empty
  p_graph=0.2  seed 3/10  method=cmm_logistic
  p_graph=0.2  seed 3/10  method=pc_pillai
  p_graph=0.2  seed 3/10  method=ges_cg
  p_graph=0.2  seed 3/10  method=empty
  p_graph=0.2  seed 4/10  method=cmm_logistic
  p_graph=0.2  seed 4/10  method=pc_pillai
  p_graph=0.2  seed 4/10  method=ges_cg
  p_graph=0.2  seed 4/10  method=empty
  p_graph=0.2  seed 5/10  method=cmm_logistic
  p_graph=0.2  seed 5/10  method=pc_pillai
  p_graph=0.2  seed 5/10  method=ges_cg
  p_graph=0.2  seed 5/10  method=empty
  p_graph=0.2  seed 6/10  method=cmm_logistic
  p_graph=0.2  seed 6/10  method=pc_pillai
  p_graph=0.2  seed 6/10  method=ges_cg
  p_graph=0.2  seed 6/10  method=empty
  p_graph=0.2  seed 7/10  method=cmm_logistic
  p_graph=0.2  seed 7/10  method=pc_pillai
  p_graph=0.2  seed 7/10  method=ges_cg
  p_graph=0.2  seed 7/10  method=empty
  p_graph=0.2  seed 8/10  method=cmm_logistic
  p_graph=0.2  seed 8/10  method=pc_pillai
  p_graph=0.2  seed 8/10  method=ges_cg
  p_graph=0.2  seed 8/10  method=empty
  p_graph=0.2  seed 9/10  method=cmm_logistic
  p_graph=0.2  seed 9/10  method=pc_pillai
  p_graph=0.2  seed 9/10  method=ges_cg
  p_graph=0.2  seed 9/10  method=empty
  p_graph=0.2  seed 10/10  method=cmm_logistic
  p_graph=0.2  seed 10/10  method=pc_pillai
  p_graph=0.2  seed 10/10  method=ges_cg
  p_graph=0.2  seed 10/10  method=empty
  p_graph=0.4  seed 1/10  method=cmm_logistic
  p_graph=0.4  seed 1/10  method=pc_pillai
  p_graph=0.4  seed 1/10  method=ges_cg
  p_graph=0.4  seed 1/10  method=empty
  p_graph=0.4  seed 2/10  method=cmm_logistic
  p_graph=0.4  seed 2/10  method=pc_pillai
  p_graph=0.4  seed 2/10  method=ges_cg
  p_graph=0.4  seed 2/10  method=empty
  p_graph=0.4  seed 3/10  method=cmm_logistic
  p_graph=0.4  seed 3/10  method=pc_pillai
  p_graph=0.4  seed 3/10  method=ges_cg
  p_graph=0.4  seed 3/10  method=empty
  p_graph=0.4  seed 4/10  method=cmm_logistic
  p_graph=0.4  seed 4/10  method=pc_pillai
  p_graph=0.4  seed 4/10  method=ges_cg
  p_graph=0.4  seed 4/10  method=empty
  p_graph=0.4  seed 5/10  method=cmm_logistic
  p_graph=0.4  seed 5/10  method=pc_pillai
  p_graph=0.4  seed 5/10  method=ges_cg
  p_graph=0.4  seed 5/10  method=empty
  p_graph=0.4  seed 6/10  method=cmm_logistic
  p_graph=0.4  seed 6/10  method=pc_pillai
  p_graph=0.4  seed 6/10  method=ges_cg
  p_graph=0.4  seed 6/10  method=empty
  p_graph=0.4  seed 7/10  method=cmm_logistic
  p_graph=0.4  seed 7/10  method=pc_pillai
  p_graph=0.4  seed 7/10  method=ges_cg
  p_graph=0.4  seed 7/10  method=empty
  p_graph=0.4  seed 8/10  method=cmm_logistic
  p_graph=0.4  seed 8/10  method=pc_pillai
  p_graph=0.4  seed 8/10  method=ges_cg
  p_graph=0.4  seed 8/10  method=empty
  p_graph=0.4  seed 9/10  method=cmm_logistic
  p_graph=0.4  seed 9/10  method=pc_pillai
  p_graph=0.4  seed 9/10  method=ges_cg
  p_graph=0.4  seed 9/10  method=empty
  p_graph=0.4  seed 10/10  method=cmm_logistic
  p_graph=0.4  seed 10/10  method=pc_pillai
  p_graph=0.4  seed 10/10  method=ges_cg
  p_graph=0.4  seed 10/10  method=empty
  p_graph=0.6  seed 1/10  method=cmm_logistic
  p_graph=0.6  seed 1/10  method=pc_pillai
  p_graph=0.6  seed 1/10  method=ges_cg
  p_graph=0.6  seed 1/10  method=empty
  p_graph=0.6  seed 2/10  method=cmm_logistic
  p_graph=0.6  seed 2/10  method=pc_pillai
  p_graph=0.6  seed 2/10  method=ges_cg
  p_graph=0.6  seed 2/10  method=empty
  p_graph=0.6  seed 3/10  method=cmm_logistic
  p_graph=0.6  seed 3/10  method=pc_pillai
  p_graph=0.6  seed 3/10  method=ges_cg
  p_graph=0.6  seed 3/10  method=empty
  p_graph=0.6  seed 4/10  method=cmm_logistic
  p_graph=0.6  seed 4/10  method=pc_pillai
  p_graph=0.6  seed 4/10  method=ges_cg
  p_graph=0.6  seed 4/10  method=empty
  p_graph=0.6  seed 5/10  method=cmm_logistic
  p_graph=0.6  seed 5/10  method=pc_pillai
  p_graph=0.6  seed 5/10  method=ges_cg
  p_graph=0.6  seed 5/10  method=empty
  p_graph=0.6  seed 6/10  method=cmm_logistic
  p_graph=0.6  seed 6/10  method=pc_pillai
  p_graph=0.6  seed 6/10  method=ges_cg
  p_graph=0.6  seed 6/10  method=empty
  p_graph=0.6  seed 7/10  method=cmm_logistic
  p_graph=0.6  seed 7/10  method=pc_pillai
  p_graph=0.6  seed 7/10  method=ges_cg
  p_graph=0.6  seed 7/10  method=empty
  p_graph=0.6  seed 8/10  method=cmm_logistic
  p_graph=0.6  seed 8/10  method=pc_pillai
  p_graph=0.6  seed 8/10  method=ges_cg
  p_graph=0.6  seed 8/10  method=empty
  p_graph=0.6  seed 9/10  method=cmm_logistic
  p_graph=0.6  seed 9/10  method=pc_pillai
  p_graph=0.6  seed 9/10  method=ges_cg
  p_graph=0.6  seed 9/10  method=empty
  p_graph=0.6  seed 10/10  method=cmm_logistic
  p_graph=0.6  seed 10/10  method=pc_pillai
  p_graph=0.6  seed 10/10  method=ges_cg
  p_graph=0.6  seed 10/10  method=empty
  p_graph=0.8  seed 1/10  method=cmm_logistic
  p_graph=0.8  seed 1/10  method=pc_pillai
  p_graph=0.8  seed 1/10  method=ges_cg
  p_graph=0.8  seed 1/10  method=empty
  p_graph=0.8  seed 2/10  method=cmm_logistic
  p_graph=0.8  seed 2/10  method=pc_pillai
  p_graph=0.8  seed 2/10  method=ges_cg
  p_graph=0.8  seed 2/10  method=empty
  p_graph=0.8  seed 3/10  method=cmm_logistic
  p_graph=0.8  seed 3/10  method=pc_pillai
  p_graph=0.8  seed 3/10  method=ges_cg
  p_graph=0.8  seed 3/10  method=empty
  p_graph=0.8  seed 4/10  method=cmm_logistic
  p_graph=0.8  seed 4/10  method=pc_pillai
  p_graph=0.8  seed 4/10  method=ges_cg
  p_graph=0.8  seed 4/10  method=empty
  p_graph=0.8  seed 5/10  method=cmm_logistic
  p_graph=0.8  seed 5/10  method=pc_pillai
  p_graph=0.8  seed 5/10  method=ges_cg
  p_graph=0.8  seed 5/10  method=empty
  p_graph=0.8  seed 6/10  method=cmm_logistic
  p_graph=0.8  seed 6/10  method=pc_pillai
  p_graph=0.8  seed 6/10  method=ges_cg
  p_graph=0.8  seed 6/10  method=empty
  p_graph=0.8  seed 7/10  method=cmm_logistic
  p_graph=0.8  seed 7/10  method=pc_pillai
  p_graph=0.8  seed 7/10  method=ges_cg
  p_graph=0.8  seed 7/10  method=empty
  p_graph=0.8  seed 8/10  method=cmm_logistic
  p_graph=0.8  seed 8/10  method=pc_pillai
  p_graph=0.8  seed 8/10  method=ges_cg
  p_graph=0.8  seed 8/10  method=empty
  p_graph=0.8  seed 9/10  method=cmm_logistic
  p_graph=0.8  seed 9/10  method=pc_pillai
  p_graph=0.8  seed 9/10  method=ges_cg
  p_graph=0.8  seed 9/10  method=empty
  p_graph=0.8  seed 10/10  method=cmm_logistic
  p_graph=0.8  seed 10/10  method=pc_pillai
  p_graph=0.8  seed 10/10  method=ges_cg
  p_graph=0.8  seed 10/10  method=empty
  p_graph=1.0  seed 1/10  method=cmm_logistic
  p_graph=1.0  seed 1/10  method=pc_pillai
  p_graph=1.0  seed 1/10  method=ges_cg
  p_graph=1.0  seed 1/10  method=empty
  p_graph=1.0  seed 2/10  method=cmm_logistic
  p_graph=1.0  seed 2/10  method=pc_pillai
  p_graph=1.0  seed 2/10  method=ges_cg
  p_graph=1.0  seed 2/10  method=empty
  p_graph=1.0  seed 3/10  method=cmm_logistic
  p_graph=1.0  seed 3/10  method=pc_pillai
  p_graph=1.0  seed 3/10  method=ges_cg
  p_graph=1.0  seed 3/10  method=empty
  p_graph=1.0  seed 4/10  method=cmm_logistic
  p_graph=1.0  seed 4/10  method=pc_pillai
  p_graph=1.0  seed 4/10  method=ges_cg
  p_graph=1.0  seed 4/10  method=empty
  p_graph=1.0  seed 5/10  method=cmm_logistic
  p_graph=1.0  seed 5/10  method=pc_pillai
  p_graph=1.0  seed 5/10  method=ges_cg
  p_graph=1.0  seed 5/10  method=empty
  p_graph=1.0  seed 6/10  method=cmm_logistic
  p_graph=1.0  seed 6/10  method=pc_pillai
  p_graph=1.0  seed 6/10  method=ges_cg
  p_graph=1.0  seed 6/10  method=empty
  p_graph=1.0  seed 7/10  method=cmm_logistic
  p_graph=1.0  seed 7/10  method=pc_pillai
  p_graph=1.0  seed 7/10  method=ges_cg
  p_graph=1.0  seed 7/10  method=empty
  p_graph=1.0  seed 8/10  method=cmm_logistic
  p_graph=1.0  seed 8/10  method=pc_pillai
  p_graph=1.0  seed 8/10  method=ges_cg
  p_graph=1.0  seed 8/10  method=empty
  p_graph=1.0  seed 9/10  method=cmm_logistic
  p_graph=1.0  seed 9/10  method=pc_pillai
  p_graph=1.0  seed 9/10  method=ges_cg
  p_graph=1.0  seed 9/10  method=empty
  p_graph=1.0  seed 10/10  method=cmm_logistic
  p_graph=1.0  seed 10/10  method=pc_pillai
  p_graph=1.0  seed 10/10  method=ges_cg
  p_graph=1.0  seed 10/10  method=empty

Done. Results in /home/yasmine/tb_internship/results/baselines_20260502_0415/results.csv
R callback write-console: There were 50 or more warnings (use warnings() to see the first 50)  
R callback write-console: 
  
