Graphviz is not installed. 
  Please install this program in order to visualize graphical models in pyagrum. 
  See https://graphviz.org/download/
isolates with dlm_mic: 164 / 164
mutations after prevalence filter: 17, X shape: (164, 20)
include_lineage=True, lineage cols: ['lineage_2', 'lineage_4']
k_max=5, min_cluster_count=5, col_threshold=25
mutations below col_threshold (25): ['pepq_Leu163Arg', 'rrl_1476188_C>T', 'fbic_C*92G', 'fbic_Leu55Leu', 'fbic_Thr560Thr', 'fbic_Trp678Gly', 'fbid_T-298C', 'fbid_Thr207Pro', 'fgd1_Lys270Met']
run 1/100 done in 319.1s (11 features kept, attempt 1)
run 2/100 done in 234.9s (10 features kept, attempt 1)
run 3/100 done in 351.3s (11 features kept, attempt 1)
run 4/100 done in 318.0s (11 features kept, attempt 1)
run 5/100 done in 274.9s (11 features kept, attempt 1)
run 6/100 done in 351.6s (11 features kept, attempt 1)
run 7/100 done in 253.4s (10 features kept, attempt 1)
run 8/100 done in 263.4s (11 features kept, attempt 1)
run 9/100 done in 354.2s (11 features kept, attempt 1)
run 10/100 done in 268.3s (11 features kept, attempt 1)
run 11/100 done in 360.6s (11 features kept, attempt 1)
run 12/100 done in 246.0s (11 features kept, attempt 1)
run 13/100 done in 308.9s (11 features kept, attempt 1)
run 14/100 done in 277.1s (11 features kept, attempt 1)
run 15/100 done in 285.3s (11 features kept, attempt 1)
run 16/100 done in 381.1s (11 features kept, attempt 1)
run 17/100 done in 367.6s (11 features kept, attempt 1)
run 18/100 done in 371.0s (11 features kept, attempt 1)
run 19/100 done in 264.8s (11 features kept, attempt 1)
run 20/100 done in 422.7s (11 features kept, attempt 1)
run 21/100 done in 277.4s (11 features kept, attempt 1)
run 22/100 done in 366.1s (11 features kept, attempt 1)
run 23/100 done in 378.5s (11 features kept, attempt 1)
run 24/100 done in 314.9s (11 features kept, attempt 1)
run 25/100 done in 301.6s (11 features kept, attempt 1)
run 26/100 done in 338.0s (11 features kept, attempt 1)
run 27/100 done in 321.8s (11 features kept, attempt 1)
run 28/100 done in 319.1s (11 features kept, attempt 1)
run 29/100 done in 359.4s (11 features kept, attempt 1)
run 30/100 done in 287.7s (11 features kept, attempt 1)
run 31/100 done in 299.2s (11 features kept, attempt 1)
run 32/100 done in 403.8s (11 features kept, attempt 1)
run 33/100 done in 278.3s (11 features kept, attempt 1)
run 34/100 done in 316.8s (11 features kept, attempt 1)
run 35/100 done in 250.9s (10 features kept, attempt 1)
run 36/100 done in 264.2s (11 features kept, attempt 1)
run 37/100 done in 360.3s (11 features kept, attempt 1)
run 38/100 done in 278.2s (11 features kept, attempt 1)
run 39/100 done in 306.3s (11 features kept, attempt 1)
run 40/100 done in 286.0s (11 features kept, attempt 1)
run 41/100 done in 304.0s (11 features kept, attempt 1)
run 42/100 done in 426.7s (11 features kept, attempt 1)
run 43/100 done in 385.6s (11 features kept, attempt 1)
run 44/100 done in 236.3s (10 features kept, attempt 1)
run 45/100 done in 371.4s (11 features kept, attempt 1)
run 46/100 done in 306.3s (11 features kept, attempt 1)
run 47/100 done in 312.0s (11 features kept, attempt 1)
run 48/100 done in 255.2s (10 features kept, attempt 1)
run 49/100 done in 274.9s (11 features kept, attempt 1)
run 50/100 done in 303.4s (11 features kept, attempt 1)
run 51/100 done in 223.9s (10 features kept, attempt 1)
run 52/100 done in 299.4s (11 features kept, attempt 1)
run 53/100 done in 382.3s (11 features kept, attempt 1)
run 54/100 done in 329.3s (11 features kept, attempt 1)
run 55/100 done in 284.2s (11 features kept, attempt 1)
run 56/100 done in 285.6s (11 features kept, attempt 1)
run 57/100 done in 328.6s (11 features kept, attempt 1)
run 58/100 done in 311.5s (11 features kept, attempt 1)
run 59/100 done in 299.9s (11 features kept, attempt 1)
run 60/100 done in 324.9s (11 features kept, attempt 1)
run 61/100 done in 229.7s (10 features kept, attempt 1)
run 62/100 done in 274.5s (11 features kept, attempt 1)
run 63/100 done in 416.4s (11 features kept, attempt 1)
run 64/100 done in 293.5s (11 features kept, attempt 1)
run 65/100 done in 304.9s (11 features kept, attempt 1)
run 66/100 done in 280.5s (11 features kept, attempt 1)
run 67/100 done in 310.1s (11 features kept, attempt 1)
run 68/100 done in 333.5s (11 features kept, attempt 1)
run 69/100 done in 297.8s (11 features kept, attempt 1)
run 70/100 done in 353.3s (11 features kept, attempt 1)
run 71/100 done in 338.0s (11 features kept, attempt 1)
run 72/100 done in 265.3s (11 features kept, attempt 1)
run 73/100 done in 405.7s (11 features kept, attempt 1)
run 74/100 done in 322.4s (11 features kept, attempt 1)
run 75/100 done in 230.1s (10 features kept, attempt 1)
run 76/100 done in 357.2s (11 features kept, attempt 1)
run 77/100 done in 375.4s (11 features kept, attempt 1)
run 78/100 done in 326.9s (11 features kept, attempt 1)
run 79/100 done in 331.0s (11 features kept, attempt 1)
run 80/100 done in 301.3s (11 features kept, attempt 1)
run 81/100 done in 246.1s (11 features kept, attempt 1)
run 82/100 done in 257.9s (10 features kept, attempt 1)
run 83/100 done in 309.6s (11 features kept, attempt 1)
run 84/100 done in 341.4s (11 features kept, attempt 1)
run 85/100 done in 368.6s (11 features kept, attempt 1)
run 86/100 done in 339.8s (11 features kept, attempt 1)
run 87/100 done in 289.5s (11 features kept, attempt 1)
run 88/100 done in 320.7s (11 features kept, attempt 1)
run 89/100 done in 340.6s (11 features kept, attempt 1)
run 90/100 done in 228.8s (10 features kept, attempt 1)
run 91/100 done in 307.6s (11 features kept, attempt 1)
run 92/100 done in 314.5s (11 features kept, attempt 1)
run 93/100 done in 276.9s (11 features kept, attempt 1)
run 94/100 done in 295.1s (11 features kept, attempt 1)
run 95/100 done in 379.7s (11 features kept, attempt 1)
run 96/100 done in 252.7s (11 features kept, attempt 1)
run 97/100 done in 363.3s (11 features kept, attempt 1)
run 98/100 done in 348.9s (11 features kept, attempt 1)
run 99/100 done in 326.2s (11 features kept, attempt 1)
run 100/100 done in 342.6s (11 features kept, attempt 1)
Done. Results in /home/yasmine/tb_internship/results/tb_subsample_dlm_lineage_20260507_1603/
