nohup: ignoring input
Graphviz is not installed. 
  Please install this program in order to visualize graphical models in pyagrum. 
  See https://graphviz.org/download/

Sweeping n_mix
  n_mix=2  seed 1/10
  n_mix=2  seed 2/10
  n_mix=2  seed 3/10
  n_mix=2  seed 4/10
  n_mix=2  seed 5/10
  n_mix=2  seed 6/10
  n_mix=2  seed 7/10
  n_mix=2  seed 8/10
  n_mix=2  seed 9/10
  n_mix=2  seed 10/10
  n_mix=3  seed 1/10
  n_mix=3  seed 2/10
  n_mix=3  seed 3/10
  n_mix=3  seed 4/10
  n_mix=3  seed 5/10
  n_mix=3  seed 6/10
  n_mix=3  seed 7/10
  n_mix=3  seed 8/10
  n_mix=3  seed 9/10
  n_mix=3  seed 10/10
  n_mix=4  seed 1/10
  n_mix=4  seed 2/10
  n_mix=4  seed 3/10
  n_mix=4  seed 4/10
  n_mix=4  seed 5/10
  n_mix=4  seed 6/10
  n_mix=4  seed 7/10
  n_mix=4  seed 8/10
  n_mix=4  seed 9/10
  n_mix=4  seed 10/10
  n_mix=5  seed 1/10
  n_mix=5  seed 2/10
  n_mix=5  seed 3/10
  n_mix=5  seed 4/10
  n_mix=5  seed 5/10
  n_mix=5  seed 6/10
  n_mix=5  seed 7/10
  n_mix=5  seed 8/10
  n_mix=5  seed 9/10
  n_mix=5  seed 10/10

Sweeping p_mix
  p_mix=0.0  seed 1/10
  p_mix=0.0  seed 2/10
  p_mix=0.0  seed 3/10
  p_mix=0.0  seed 4/10
  p_mix=0.0  seed 5/10
  p_mix=0.0  seed 6/10
  p_mix=0.0  seed 7/10
  p_mix=0.0  seed 8/10
  p_mix=0.0  seed 9/10
  p_mix=0.0  seed 10/10
  p_mix=0.2  seed 1/10
  p_mix=0.2  seed 2/10
  p_mix=0.2  seed 3/10
  p_mix=0.2  seed 4/10
  p_mix=0.2  seed 5/10
  p_mix=0.2  seed 6/10
  p_mix=0.2  seed 7/10
  p_mix=0.2  seed 8/10
  p_mix=0.2  seed 9/10
  p_mix=0.2  seed 10/10
  p_mix=0.4  seed 1/10
  p_mix=0.4  seed 2/10
  p_mix=0.4  seed 3/10
  p_mix=0.4  seed 4/10
  p_mix=0.4  seed 5/10
  p_mix=0.4  seed 6/10
  p_mix=0.4  seed 7/10
  p_mix=0.4  seed 8/10
  p_mix=0.4  seed 9/10
  p_mix=0.4  seed 10/10
  p_mix=0.6  seed 1/10
  p_mix=0.6  seed 2/10
  p_mix=0.6  seed 3/10
  p_mix=0.6  seed 4/10
  p_mix=0.6  seed 5/10
  p_mix=0.6  seed 6/10
  p_mix=0.6  seed 7/10
  p_mix=0.6  seed 8/10
  p_mix=0.6  seed 9/10
  p_mix=0.6  seed 10/10
  p_mix=0.8  seed 1/10
  p_mix=0.8  seed 2/10
  p_mix=0.8  seed 3/10
  p_mix=0.8  seed 4/10
  p_mix=0.8  seed 5/10
  p_mix=0.8  seed 6/10
  p_mix=0.8  seed 7/10
  p_mix=0.8  seed 8/10
  p_mix=0.8  seed 9/10
  p_mix=0.8  seed 10/10
  p_mix=1.0  seed 1/10
  p_mix=1.0  seed 2/10
  p_mix=1.0  seed 3/10
  p_mix=1.0  seed 4/10
  p_mix=1.0  seed 5/10
  p_mix=1.0  seed 6/10
  p_mix=1.0  seed 7/10
  p_mix=1.0  seed 8/10
  p_mix=1.0  seed 9/10
  p_mix=1.0  seed 10/10

Sweeping n_samples
  n_samples=200  seed 1/10
  n_samples=200  seed 2/10
  n_samples=200  seed 3/10
  n_samples=200  seed 4/10
  n_samples=200  seed 5/10
  n_samples=200  seed 6/10
  n_samples=200  seed 7/10
  n_samples=200  seed 8/10
  n_samples=200  seed 9/10
  n_samples=200  seed 10/10
  n_samples=400  seed 1/10
  n_samples=400  seed 2/10
  n_samples=400  seed 3/10
  n_samples=400  seed 4/10
  n_samples=400  seed 5/10
  n_samples=400  seed 6/10
  n_samples=400  seed 7/10
  n_samples=400  seed 8/10
  n_samples=400  seed 9/10
  n_samples=400  seed 10/10
  n_samples=600  seed 1/10
  n_samples=600  seed 2/10
  n_samples=600  seed 3/10
  n_samples=600  seed 4/10
  n_samples=600  seed 5/10
  n_samples=600  seed 6/10
  n_samples=600  seed 7/10
  n_samples=600  seed 8/10
  n_samples=600  seed 9/10
  n_samples=600  seed 10/10
  n_samples=800  seed 1/10
  n_samples=800  seed 2/10
